Determining if the pthread_create exist failed with the following output:
Change Dir: /home/saurav/catkin_ws/src/group6_rwa4/build/CMakeFiles/CMakeTmp

Run Build Command(s):/usr/bin/ninja cmTC_1bb84 
[1/2] Building C object CMakeFiles/cmTC_1bb84.dir/CheckSymbolExists.c.o
[2/2] Linking C executable cmTC_1bb84
FAILED: cmTC_1bb84 
: && /usr/bin/cc   -rdynamic CMakeFiles/cmTC_1bb84.dir/CheckSymbolExists.c.o  -o cmTC_1bb84   && :
CMakeFiles/cmTC_1bb84.dir/CheckSymbolExists.c.o: In function `main':
CheckSymbolExists.c:(.text+0x1b): undefined reference to `pthread_create'
collect2: error: ld returned 1 exit status
ninja: build stopped: subcommand failed.

File /home/saurav/catkin_ws/src/group6_rwa4/build/CMakeFiles/CMakeTmp/CheckSymbolExists.c:
/* */
#include <pthread.h>

int main(int argc, char** argv)
{
  (void)argv;
#ifndef pthread_create
  return ((int*)(&pthread_create))[argc];
#else
  (void)argc;
  return 0;
#endif
}

Determining if the function pthread_create exists in the pthreads failed with the following output:
Change Dir: /home/saurav/catkin_ws/src/group6_rwa4/build/CMakeFiles/CMakeTmp

Run Build Command(s):/usr/bin/ninja cmTC_44aba 
[1/2] Building C object CMakeFiles/cmTC_44aba.dir/CheckFunctionExists.c.o
[2/2] Linking C executable cmTC_44aba
FAILED: cmTC_44aba 
: && /usr/bin/cc -DCHECK_FUNCTION_EXISTS=pthread_create  -rdynamic CMakeFiles/cmTC_44aba.dir/CheckFunctionExists.c.o  -o cmTC_44aba  -lpthreads && :
/usr/bin/ld: cannot find -lpthreads
collect2: error: ld returned 1 exit status
ninja: build stopped: subcommand failed.


